<?xml version="1.0" encoding="UTF-8"?>
<testsuite name="com.example.demo.CommunityPageTest" tests="8" skipped="0" failures="0" errors="0" timestamp="2024-05-09T20:20:12" hostname="DESKTOP-TCFT5P1" time="27.927">
  <properties/>
  <testcase name="testSubscribeButton()" classname="com.example.demo.CommunityPageTest" time="5.453"/>
  <testcase name="testContactsPanel()" classname="com.example.demo.CommunityPageTest" time="1.35"/>
  <testcase name="testDetailedInformationLink()" classname="com.example.demo.CommunityPageTest" time="1.082"/>
  <testcase name="testShowAllServices()" classname="com.example.demo.CommunityPageTest" time="13.617"/>
  <testcase name="testAllPostsLinkNavigatesCorrectly()" classname="com.example.demo.CommunityPageTest" time="1.761"/>
  <testcase name="testCommunityPostsDoubleClicked()" classname="com.example.demo.CommunityPageTest" time="1.332"/>
  <testcase name="testProductClickOpensProductDetails()" classname="com.example.demo.CommunityPageTest" time="1.634"/>
  <testcase name="testSubscribersLinkLeadsToSignIn()" classname="com.example.demo.CommunityPageTest" time="1.587"/>
  <system-out><![CDATA[]]></system-out>
  <system-err><![CDATA[[Test worker] INFO com.codeborne.selenide.impl.WebDriverThreadLocalContainer - No webdriver is bound to current thread: 1 - let's create a new webdriver
[Test worker] INFO com.codeborne.selenide.impl.FileHelper - Creating folder: C:\Users\egora\Downloads\test_pero\build\downloads\1715286012874_16532_1
[Test worker] INFO com.codeborne.selenide.webdriver.SelenideNettyClientFactory - Changed readTimeout from PT3M to PT1M30S
[Test worker] INFO com.codeborne.selenide.webdriver.SelenideNettyClientFactory - Changed readTimeout from PT3M to PT1M30S
мая 09, 2024 11:20:15 PM org.openqa.selenium.devtools.CdpVersionFinder findNearestMatch
WARNING: Unable to find CDP implementation matching 124
мая 09, 2024 11:20:15 PM org.openqa.selenium.chromium.ChromiumDriver lambda$new$5
WARNING: Unable to find version of CDP to use for 124.0.6367.155. You may need to include a dependency on a specific version of the CDP using something similar to `org.seleniumhq.selenium:selenium-devtools-v86:4.13.0` where the version ("v86") matches the version of the chromium-based browser you're using and the version number of the artifact is the same as Selenium's.
[Test worker] INFO com.codeborne.selenide.webdriver.WebDriverFactory - BrowserName=chrome Version=124.0.6367.155 Platform=windows
[Test worker] INFO com.codeborne.selenide.webdriver.WebDriverFactory - Selenide v. 6.19.1
[Test worker] INFO com.codeborne.selenide.webdriver.WebDriverFactory - Selenium WebDriver v. 4.13.0 build revision: ba948ece5b*
[Test worker] INFO com.codeborne.selenide.drivercommands.CreateDriverCommand - Created webdriver in thread 1: ChromeDriver -> ChromeDriver: chrome on windows (43d766e1a945f79e3c542c06f67c95fa)
[Test worker] INFO com.codeborne.selenide.drivercommands.DisposablesRegistry - Register WebDriverInstance[config=StaticConfig,webDriver=ChromeDriver: chrome on windows (43d766e1a945f79e3c542c06f67c95fa),proxy=null,downloadsFolder=C:\Users\egora\Downloads\test_pero\build\downloads\1715286012874_16532_1] in 1 [size=1]
[Test worker] INFO com.codeborne.selenide.drivercommands.DisposablesRegistry - Add shutdown hook in 1 [size=1]
]]></system-err>
</testsuite>
