<?xml version="1.0" encoding="UTF-8"?>
<testsuite name="com.example.demo.ProductPageTest" tests="12" skipped="0" failures="0" errors="0" timestamp="2024-05-09T20:20:40" hostname="DESKTOP-TCFT5P1" time="23.903">
  <properties/>
  <testcase name="testSubscribeButton()" classname="com.example.demo.ProductPageTest" time="2.036"/>
  <testcase name="testDialogAfterWriteButtonClick()" classname="com.example.demo.ProductPageTest" time="1.219"/>
  <testcase name="testShareButton()" classname="com.example.demo.ProductPageTest" time="2.164"/>
  <testcase name="testCopyUrlButton()" classname="com.example.demo.ProductPageTest" time="2.533"/>
  <testcase name="testMarketItemCardNavigation()" classname="com.example.demo.ProductPageTest" time="2.326"/>
  <testcase name="testWriteButtonVisibility()" classname="com.example.demo.ProductPageTest" time="1.22"/>
  <testcase name="testFavoriteButton()" classname="com.example.demo.ProductPageTest" time="1.753"/>
  <testcase name="testAddPhotoButtonLeadsToSignIn()" classname="com.example.demo.ProductPageTest" time="1.897"/>
  <testcase name="testNoPhotoPlaceholderVisibility()" classname="com.example.demo.ProductPageTest" time="1.643"/>
  <testcase name="testWishlistButton()" classname="com.example.demo.ProductPageTest" time="2.215"/>
  <testcase name="testLikeButton()" classname="com.example.demo.ProductPageTest" time="2.265"/>
  <testcase name="testGoToStoreButton()" classname="com.example.demo.ProductPageTest" time="2.595"/>
  <system-out><![CDATA[]]></system-out>
  <system-err><![CDATA[]]></system-err>
</testsuite>
