<?xml version="1.0" encoding="UTF-8"?>
<testsuite name="com.example.demo.ProductPageTest" tests="12" skipped="0" failures="0" errors="0" timestamp="2024-05-09T19:21:58" hostname="DESKTOP-TCFT5P1" time="28.272">
  <properties/>
  <testcase name="testSubscribeButton()" classname="com.example.demo.ProductPageTest" time="6.256"/>
  <testcase name="testDialogAfterWriteButtonClick()" classname="com.example.demo.ProductPageTest" time="1.32"/>
  <testcase name="testShareButton()" classname="com.example.demo.ProductPageTest" time="2.171"/>
  <testcase name="testCopyUrlButton()" classname="com.example.demo.ProductPageTest" time="2.639"/>
  <testcase name="testMarketItemCardNavigation()" classname="com.example.demo.ProductPageTest" time="2.622"/>
  <testcase name="testWriteButtonVisibility()" classname="com.example.demo.ProductPageTest" time="1.205"/>
  <testcase name="testFavoriteButton()" classname="com.example.demo.ProductPageTest" time="2.273"/>
  <testcase name="testAddPhotoButtonLeadsToSignIn()" classname="com.example.demo.ProductPageTest" time="1.795"/>
  <testcase name="testNoPhotoPlaceholderVisibility()" classname="com.example.demo.ProductPageTest" time="1.521"/>
  <testcase name="testWishlistButton()" classname="com.example.demo.ProductPageTest" time="1.765"/>
  <testcase name="testLikeButton()" classname="com.example.demo.ProductPageTest" time="2.069"/>
  <testcase name="testGoToStoreButton()" classname="com.example.demo.ProductPageTest" time="2.51"/>
  <system-out><![CDATA[]]></system-out>
  <system-err><![CDATA[[Test worker] INFO com.codeborne.selenide.impl.WebDriverThreadLocalContainer - No webdriver is bound to current thread: 1 - let's create a new webdriver
[Test worker] INFO com.codeborne.selenide.impl.FileHelper - Creating folder: C:\Users\egora\Downloads\test_pero\build\downloads\1715282518759_21188_1
[Test worker] INFO com.codeborne.selenide.webdriver.SelenideNettyClientFactory - Changed readTimeout from PT3M to PT1M30S
[Test worker] INFO com.codeborne.selenide.webdriver.SelenideNettyClientFactory - Changed readTimeout from PT3M to PT1M30S
мая 09, 2024 10:22:01 PM org.openqa.selenium.devtools.CdpVersionFinder findNearestMatch
WARNING: Unable to find CDP implementation matching 124
мая 09, 2024 10:22:01 PM org.openqa.selenium.chromium.ChromiumDriver lambda$new$5
WARNING: Unable to find version of CDP to use for 124.0.6367.155. You may need to include a dependency on a specific version of the CDP using something similar to `org.seleniumhq.selenium:selenium-devtools-v86:4.13.0` where the version ("v86") matches the version of the chromium-based browser you're using and the version number of the artifact is the same as Selenium's.
[Test worker] INFO com.codeborne.selenide.webdriver.WebDriverFactory - BrowserName=chrome Version=124.0.6367.155 Platform=windows
[Test worker] INFO com.codeborne.selenide.webdriver.WebDriverFactory - Selenide v. 6.19.1
[Test worker] INFO com.codeborne.selenide.webdriver.WebDriverFactory - Selenium WebDriver v. 4.13.0 build revision: ba948ece5b*
[Test worker] INFO com.codeborne.selenide.drivercommands.CreateDriverCommand - Created webdriver in thread 1: ChromeDriver -> ChromeDriver: chrome on windows (d28d69d43497614f096f35a5b7c4784a)
[Test worker] INFO com.codeborne.selenide.drivercommands.DisposablesRegistry - Register WebDriverInstance[config=StaticConfig,webDriver=ChromeDriver: chrome on windows (d28d69d43497614f096f35a5b7c4784a),proxy=null,downloadsFolder=C:\Users\egora\Downloads\test_pero\build\downloads\1715282518759_21188_1] in 1 [size=1]
[Test worker] INFO com.codeborne.selenide.drivercommands.DisposablesRegistry - Add shutdown hook in 1 [size=1]
]]></system-err>
</testsuite>
